<?xml version="1.0" encoding="UTF-8"?>
<!-- Generated by org.testng.reporters.JUnitXMLReporter -->
<testsuite ignored="0" hostname="DESKTOP-NJNG8V0" failures="0" tests="3" name="Linux-Chrome" time="148.187" errors="0" timestamp="2025-12-12T13:10:47 IST">
  <testcase classname="simpleFormDemo.SimpleFormDemoClass" name="TestScenario1" time="14.786"/>
  <testcase classname="inputFormSubmit.InputFormSubmitClass" name="TestScenario3" time="8.968"/>
  <testcase classname="dragAndDropSliders.DragAndDropSlidersClass" name="TestScenario2" time="5.737"/>
</testsuite> <!-- Linux-Chrome -->
