<?xml version="1.0" encoding="UTF-8"?>
<!-- Generated by org.testng.reporters.JUnitXMLReporter -->
<testsuite ignored="0" hostname="DESKTOP-NJNG8V0" failures="0" tests="3" name="Linux-Edge" time="192.064" errors="0" timestamp="2025-12-12T13:11:31 IST">
  <testcase classname="simpleFormDemo.SimpleFormDemoClass" name="TestScenario1" time="6.77"/>
  <testcase classname="inputFormSubmit.InputFormSubmitClass" name="TestScenario3" time="18.32"/>
  <testcase classname="dragAndDropSliders.DragAndDropSlidersClass" name="TestScenario2" time="5.603"/>
</testsuite> <!-- Linux-Edge -->
