<?xml version="1.0" encoding="UTF-8"?>
<!-- Generated by org.testng.reporters.JUnitXMLReporter -->
<testsuite ignored="0" hostname="DESKTOP-NJNG8V0" failures="0" tests="3" name="Windows10-Edge" time="213.651" errors="0" timestamp="2025-12-12T13:11:53 IST">
  <testcase classname="simpleFormDemo.SimpleFormDemoClass" name="TestScenario1" time="5.995"/>
  <testcase classname="inputFormSubmit.InputFormSubmitClass" name="TestScenario3" time="8.335"/>
  <testcase classname="dragAndDropSliders.DragAndDropSlidersClass" name="TestScenario2" time="5.805"/>
</testsuite> <!-- Windows10-Edge -->
