<?xml version="1.0" encoding="UTF-8"?>
<!-- Generated by org.testng.reporters.JUnitXMLReporter -->
<testsuite ignored="0" hostname="DESKTOP-NJNG8V0" failures="0" tests="3" name="Linux_Edge" time="108.825" errors="0" timestamp="2025-12-12T13:37:30 IST">
  <testcase classname="simpleFormDemo.SimpleFormDemoClass" name="TestScenario1" time="8.36"/>
  <testcase classname="inputFormSubmit.InputFormSubmitClass" name="TestScenario3" time="16.885"/>
  <testcase classname="dragAndDropSliders.DragAndDropSlidersClass" name="TestScenario2" time="7.716"/>
</testsuite> <!-- Linux_Edge -->
