<?xml version="1.0" encoding="UTF-8"?>
<!-- Generated by org.testng.reporters.JUnitXMLReporter -->
<testsuite ignored="0" hostname="DESKTOP-NJNG8V0" failures="0" tests="3" name="Windows10_Edge" time="100.785" errors="0" timestamp="2025-12-12T13:37:22 IST">
  <testcase classname="simpleFormDemo.SimpleFormDemoClass" name="TestScenario1" time="8.272"/>
  <testcase classname="inputFormSubmit.InputFormSubmitClass" name="TestScenario3" time="13.055"/>
  <testcase classname="dragAndDropSliders.DragAndDropSlidersClass" name="TestScenario2" time="6.463"/>
</testsuite> <!-- Windows10_Edge -->
