<?xml version="1.0" encoding="UTF-8"?>
<testng-results ignored="0" total="12" passed="12" failed="0" skipped="0">
  <reporter-output>
  </reporter-output>
  <suite started-at="2025-12-12T13:35:41 IST" name="ParallelSuite" finished-at="2025-12-12T13:37:44 IST" duration-ms="122714">
    <groups>
    </groups>
    <test started-at="2025-12-12T13:35:41 IST" name="Windows10_Edge" finished-at="2025-12-12T13:37:22 IST" duration-ms="100785">
      <class name="dragAndDropSliders.DragAndDropSlidersClass">
        <test-method is-config="true" signature="setup(java.lang.String,java.lang.String,java.lang.String,java.lang.reflect.Method,org.testng.ITestContext)[pri:0, instance:dragAndDropSliders.DragAndDropSlidersClass@65d09a04]" started-at="2025-12-12T13:36:43 IST" name="setup" finished-at="2025-12-12T13:37:14 IST" duration-ms="31762" status="PASS">
          <params>
            <param index="0">
              <value>
                <![CDATA[Windows 10]]>
              </value>
            </param>
            <param index="1">
              <value>
                <![CDATA[Edge]]>
              </value>
            </param>
            <param index="2">
              <value>
                <![CDATA[latest]]>
              </value>
            </param>
            <param index="3">
              <value>
                <![CDATA[public void dragAndDropSliders.DragAndDropSlidersClass.TestScenario2() throws java.lang.InterruptedException]]>
              </value>
            </param>
            <param index="4">
              <value>
                <![CDATA[org.testng.TestRunner@3e6ef8ad]]>
              </value>
            </param>
          </params>
          <reporter-output>
          </reporter-output>
        </test-method> <!-- setup -->
        <test-method signature="TestScenario2()[pri:0, instance:dragAndDropSliders.DragAndDropSlidersClass@65d09a04]" started-at="2025-12-12T13:37:14 IST" name="TestScenario2" finished-at="2025-12-12T13:37:21 IST" duration-ms="6463" status="PASS">
          <reporter-output>
          </reporter-output>
        </test-method> <!-- TestScenario2 -->
        <test-method is-config="true" signature="tearDown()[pri:0, instance:dragAndDropSliders.DragAndDropSlidersClass@65d09a04]" started-at="2025-12-12T13:37:21 IST" name="tearDown" finished-at="2025-12-12T13:37:22 IST" duration-ms="1405" status="PASS">
          <reporter-output>
          </reporter-output>
        </test-method> <!-- tearDown -->
      </class> <!-- dragAndDropSliders.DragAndDropSlidersClass -->
      <class name="simpleFormDemo.SimpleFormDemoClass">
        <test-method is-config="true" signature="setup(java.lang.String,java.lang.String,java.lang.String,java.lang.reflect.Method,org.testng.ITestContext)[pri:0, instance:simpleFormDemo.SimpleFormDemoClass@4961f6af]" started-at="2025-12-12T13:35:42 IST" name="setup" finished-at="2025-12-12T13:35:48 IST" duration-ms="6614" status="PASS">
          <params>
            <param index="0">
              <value>
                <![CDATA[Windows 10]]>
              </value>
            </param>
            <param index="1">
              <value>
                <![CDATA[Edge]]>
              </value>
            </param>
            <param index="2">
              <value>
                <![CDATA[latest]]>
              </value>
            </param>
            <param index="3">
              <value>
                <![CDATA[public void simpleFormDemo.SimpleFormDemoClass.TestScenario1() throws java.lang.InterruptedException]]>
              </value>
            </param>
            <param index="4">
              <value>
                <![CDATA[org.testng.TestRunner@3e6ef8ad]]>
              </value>
            </param>
          </params>
          <reporter-output>
          </reporter-output>
        </test-method> <!-- setup -->
        <test-method signature="TestScenario1()[pri:0, instance:simpleFormDemo.SimpleFormDemoClass@4961f6af]" started-at="2025-12-12T13:35:48 IST" name="TestScenario1" finished-at="2025-12-12T13:35:56 IST" duration-ms="8272" status="PASS">
          <reporter-output>
          </reporter-output>
        </test-method> <!-- TestScenario1 -->
        <test-method is-config="true" signature="tearDown()[pri:0, instance:simpleFormDemo.SimpleFormDemoClass@4961f6af]" started-at="2025-12-12T13:35:56 IST" name="tearDown" finished-at="2025-12-12T13:35:58 IST" duration-ms="1356" status="PASS">
          <reporter-output>
          </reporter-output>
        </test-method> <!-- tearDown -->
      </class> <!-- simpleFormDemo.SimpleFormDemoClass -->
      <class name="inputFormSubmit.InputFormSubmitClass">
        <test-method is-config="true" signature="setup(java.lang.String,java.lang.String,java.lang.String,java.lang.reflect.Method,org.testng.ITestContext)[pri:0, instance:inputFormSubmit.InputFormSubmitClass@5aebe890]" started-at="2025-12-12T13:35:58 IST" name="setup" finished-at="2025-12-12T13:36:28 IST" duration-ms="30459" status="PASS">
          <params>
            <param index="0">
              <value>
                <![CDATA[Windows 10]]>
              </value>
            </param>
            <param index="1">
              <value>
                <![CDATA[Edge]]>
              </value>
            </param>
            <param index="2">
              <value>
                <![CDATA[latest]]>
              </value>
            </param>
            <param index="3">
              <value>
                <![CDATA[public void inputFormSubmit.InputFormSubmitClass.TestScenario3() throws java.lang.InterruptedException]]>
              </value>
            </param>
            <param index="4">
              <value>
                <![CDATA[org.testng.TestRunner@3e6ef8ad]]>
              </value>
            </param>
          </params>
          <reporter-output>
          </reporter-output>
        </test-method> <!-- setup -->
        <test-method signature="TestScenario3()[pri:0, instance:inputFormSubmit.InputFormSubmitClass@5aebe890]" started-at="2025-12-12T13:36:28 IST" name="TestScenario3" finished-at="2025-12-12T13:36:41 IST" duration-ms="13055" status="PASS">
          <reporter-output>
          </reporter-output>
        </test-method> <!-- TestScenario3 -->
        <test-method is-config="true" signature="tearDown()[pri:0, instance:inputFormSubmit.InputFormSubmitClass@5aebe890]" started-at="2025-12-12T13:36:41 IST" name="tearDown" finished-at="2025-12-12T13:36:43 IST" duration-ms="1341" status="PASS">
          <reporter-output>
          </reporter-output>
        </test-method> <!-- tearDown -->
      </class> <!-- inputFormSubmit.InputFormSubmitClass -->
    </test> <!-- Windows10_Edge -->
    <test started-at="2025-12-12T13:35:41 IST" name="Linux_Edge" finished-at="2025-12-12T13:37:30 IST" duration-ms="108825">
      <class name="dragAndDropSliders.DragAndDropSlidersClass">
        <test-method is-config="true" signature="setup(java.lang.String,java.lang.String,java.lang.String,java.lang.reflect.Method,org.testng.ITestContext)[pri:0, instance:dragAndDropSliders.DragAndDropSlidersClass@5b94b04d]" started-at="2025-12-12T13:36:46 IST" name="setup" finished-at="2025-12-12T13:37:21 IST" duration-ms="35409" status="PASS">
          <params>
            <param index="0">
              <value>
                <![CDATA[Linux]]>
              </value>
            </param>
            <param index="1">
              <value>
                <![CDATA[Edge]]>
              </value>
            </param>
            <param index="2">
              <value>
                <![CDATA[latest]]>
              </value>
            </param>
            <param index="3">
              <value>
                <![CDATA[public void dragAndDropSliders.DragAndDropSlidersClass.TestScenario2() throws java.lang.InterruptedException]]>
              </value>
            </param>
            <param index="4">
              <value>
                <![CDATA[org.testng.TestRunner@55536d9e]]>
              </value>
            </param>
          </params>
          <reporter-output>
          </reporter-output>
        </test-method> <!-- setup -->
        <test-method signature="TestScenario2()[pri:0, instance:dragAndDropSliders.DragAndDropSlidersClass@5b94b04d]" started-at="2025-12-12T13:37:21 IST" name="TestScenario2" finished-at="2025-12-12T13:37:29 IST" duration-ms="7716" status="PASS">
          <reporter-output>
          </reporter-output>
        </test-method> <!-- TestScenario2 -->
        <test-method is-config="true" signature="tearDown()[pri:0, instance:dragAndDropSliders.DragAndDropSlidersClass@5b94b04d]" started-at="2025-12-12T13:37:29 IST" name="tearDown" finished-at="2025-12-12T13:37:30 IST" duration-ms="1567" status="PASS">
          <reporter-output>
          </reporter-output>
        </test-method> <!-- tearDown -->
      </class> <!-- dragAndDropSliders.DragAndDropSlidersClass -->
      <class name="simpleFormDemo.SimpleFormDemoClass">
        <test-method is-config="true" signature="setup(java.lang.String,java.lang.String,java.lang.String,java.lang.reflect.Method,org.testng.ITestContext)[pri:0, instance:simpleFormDemo.SimpleFormDemoClass@291caca8]" started-at="2025-12-12T13:35:42 IST" name="setup" finished-at="2025-12-12T13:35:48 IST" duration-ms="6498" status="PASS">
          <params>
            <param index="0">
              <value>
                <![CDATA[Linux]]>
              </value>
            </param>
            <param index="1">
              <value>
                <![CDATA[Edge]]>
              </value>
            </param>
            <param index="2">
              <value>
                <![CDATA[latest]]>
              </value>
            </param>
            <param index="3">
              <value>
                <![CDATA[public void simpleFormDemo.SimpleFormDemoClass.TestScenario1() throws java.lang.InterruptedException]]>
              </value>
            </param>
            <param index="4">
              <value>
                <![CDATA[org.testng.TestRunner@55536d9e]]>
              </value>
            </param>
          </params>
          <reporter-output>
          </reporter-output>
        </test-method> <!-- setup -->
        <test-method signature="TestScenario1()[pri:0, instance:simpleFormDemo.SimpleFormDemoClass@291caca8]" started-at="2025-12-12T13:35:48 IST" name="TestScenario1" finished-at="2025-12-12T13:35:56 IST" duration-ms="8360" status="PASS">
          <reporter-output>
          </reporter-output>
        </test-method> <!-- TestScenario1 -->
        <test-method is-config="true" signature="tearDown()[pri:0, instance:simpleFormDemo.SimpleFormDemoClass@291caca8]" started-at="2025-12-12T13:35:56 IST" name="tearDown" finished-at="2025-12-12T13:35:58 IST" duration-ms="1530" status="PASS">
          <reporter-output>
          </reporter-output>
        </test-method> <!-- tearDown -->
      </class> <!-- simpleFormDemo.SimpleFormDemoClass -->
      <class name="inputFormSubmit.InputFormSubmitClass">
        <test-method is-config="true" signature="setup(java.lang.String,java.lang.String,java.lang.String,java.lang.reflect.Method,org.testng.ITestContext)[pri:0, instance:inputFormSubmit.InputFormSubmitClass@385e9564]" started-at="2025-12-12T13:35:58 IST" name="setup" finished-at="2025-12-12T13:36:27 IST" duration-ms="29252" status="PASS">
          <params>
            <param index="0">
              <value>
                <![CDATA[Linux]]>
              </value>
            </param>
            <param index="1">
              <value>
                <![CDATA[Edge]]>
              </value>
            </param>
            <param index="2">
              <value>
                <![CDATA[latest]]>
              </value>
            </param>
            <param index="3">
              <value>
                <![CDATA[public void inputFormSubmit.InputFormSubmitClass.TestScenario3() throws java.lang.InterruptedException]]>
              </value>
            </param>
            <param index="4">
              <value>
                <![CDATA[org.testng.TestRunner@55536d9e]]>
              </value>
            </param>
          </params>
          <reporter-output>
          </reporter-output>
        </test-method> <!-- setup -->
        <test-method signature="TestScenario3()[pri:0, instance:inputFormSubmit.InputFormSubmitClass@385e9564]" started-at="2025-12-12T13:36:27 IST" name="TestScenario3" finished-at="2025-12-12T13:36:44 IST" duration-ms="16885" status="PASS">
          <reporter-output>
          </reporter-output>
        </test-method> <!-- TestScenario3 -->
        <test-method is-config="true" signature="tearDown()[pri:0, instance:inputFormSubmit.InputFormSubmitClass@385e9564]" started-at="2025-12-12T13:36:44 IST" name="tearDown" finished-at="2025-12-12T13:36:46 IST" duration-ms="1548" status="PASS">
          <reporter-output>
          </reporter-output>
        </test-method> <!-- tearDown -->
      </class> <!-- inputFormSubmit.InputFormSubmitClass -->
    </test> <!-- Linux_Edge -->
    <test started-at="2025-12-12T13:35:41 IST" name="Windows10_Chrome" finished-at="2025-12-12T13:37:43 IST" duration-ms="121940">
      <class name="dragAndDropSliders.DragAndDropSlidersClass">
        <test-method is-config="true" signature="setup(java.lang.String,java.lang.String,java.lang.String,java.lang.reflect.Method,org.testng.ITestContext)[pri:0, instance:dragAndDropSliders.DragAndDropSlidersClass@49438269]" started-at="2025-12-12T13:37:07 IST" name="setup" finished-at="2025-12-12T13:37:36 IST" duration-ms="28923" status="PASS">
          <params>
            <param index="0">
              <value>
                <![CDATA[Windows 10]]>
              </value>
            </param>
            <param index="1">
              <value>
                <![CDATA[Chrome]]>
              </value>
            </param>
            <param index="2">
              <value>
                <![CDATA[latest]]>
              </value>
            </param>
            <param index="3">
              <value>
                <![CDATA[public void dragAndDropSliders.DragAndDropSlidersClass.TestScenario2() throws java.lang.InterruptedException]]>
              </value>
            </param>
            <param index="4">
              <value>
                <![CDATA[org.testng.TestRunner@59af0466]]>
              </value>
            </param>
          </params>
          <reporter-output>
          </reporter-output>
        </test-method> <!-- setup -->
        <test-method signature="TestScenario2()[pri:0, instance:dragAndDropSliders.DragAndDropSlidersClass@49438269]" started-at="2025-12-12T13:37:36 IST" name="TestScenario2" finished-at="2025-12-12T13:37:42 IST" duration-ms="5713" status="PASS">
          <reporter-output>
          </reporter-output>
        </test-method> <!-- TestScenario2 -->
        <test-method is-config="true" signature="tearDown()[pri:0, instance:dragAndDropSliders.DragAndDropSlidersClass@49438269]" started-at="2025-12-12T13:37:42 IST" name="tearDown" finished-at="2025-12-12T13:37:43 IST" duration-ms="1306" status="PASS">
          <reporter-output>
          </reporter-output>
        </test-method> <!-- tearDown -->
      </class> <!-- dragAndDropSliders.DragAndDropSlidersClass -->
      <class name="simpleFormDemo.SimpleFormDemoClass">
        <test-method is-config="true" signature="setup(java.lang.String,java.lang.String,java.lang.String,java.lang.reflect.Method,org.testng.ITestContext)[pri:0, instance:simpleFormDemo.SimpleFormDemoClass@43bc63a3]" started-at="2025-12-12T13:35:42 IST" name="setup" finished-at="2025-12-12T13:36:08 IST" duration-ms="26578" status="PASS">
          <params>
            <param index="0">
              <value>
                <![CDATA[Windows 10]]>
              </value>
            </param>
            <param index="1">
              <value>
                <![CDATA[Chrome]]>
              </value>
            </param>
            <param index="2">
              <value>
                <![CDATA[latest]]>
              </value>
            </param>
            <param index="3">
              <value>
                <![CDATA[public void simpleFormDemo.SimpleFormDemoClass.TestScenario1() throws java.lang.InterruptedException]]>
              </value>
            </param>
            <param index="4">
              <value>
                <![CDATA[org.testng.TestRunner@59af0466]]>
              </value>
            </param>
          </params>
          <reporter-output>
          </reporter-output>
        </test-method> <!-- setup -->
        <test-method signature="TestScenario1()[pri:0, instance:simpleFormDemo.SimpleFormDemoClass@43bc63a3]" started-at="2025-12-12T13:36:08 IST" name="TestScenario1" finished-at="2025-12-12T13:36:14 IST" duration-ms="6227" status="PASS">
          <reporter-output>
          </reporter-output>
        </test-method> <!-- TestScenario1 -->
        <test-method is-config="true" signature="tearDown()[pri:0, instance:simpleFormDemo.SimpleFormDemoClass@43bc63a3]" started-at="2025-12-12T13:36:14 IST" name="tearDown" finished-at="2025-12-12T13:36:16 IST" duration-ms="1333" status="PASS">
          <reporter-output>
          </reporter-output>
        </test-method> <!-- tearDown -->
      </class> <!-- simpleFormDemo.SimpleFormDemoClass -->
      <class name="inputFormSubmit.InputFormSubmitClass">
        <test-method is-config="true" signature="setup(java.lang.String,java.lang.String,java.lang.String,java.lang.reflect.Method,org.testng.ITestContext)[pri:0, instance:inputFormSubmit.InputFormSubmitClass@367ffa75]" started-at="2025-12-12T13:36:16 IST" name="setup" finished-at="2025-12-12T13:36:54 IST" duration-ms="38023" status="PASS">
          <params>
            <param index="0">
              <value>
                <![CDATA[Windows 10]]>
              </value>
            </param>
            <param index="1">
              <value>
                <![CDATA[Chrome]]>
              </value>
            </param>
            <param index="2">
              <value>
                <![CDATA[latest]]>
              </value>
            </param>
            <param index="3">
              <value>
                <![CDATA[public void inputFormSubmit.InputFormSubmitClass.TestScenario3() throws java.lang.InterruptedException]]>
              </value>
            </param>
            <param index="4">
              <value>
                <![CDATA[org.testng.TestRunner@59af0466]]>
              </value>
            </param>
          </params>
          <reporter-output>
          </reporter-output>
        </test-method> <!-- setup -->
        <test-method signature="TestScenario3()[pri:0, instance:inputFormSubmit.InputFormSubmitClass@367ffa75]" started-at="2025-12-12T13:36:54 IST" name="TestScenario3" finished-at="2025-12-12T13:37:06 IST" duration-ms="12410" status="PASS">
          <reporter-output>
          </reporter-output>
        </test-method> <!-- TestScenario3 -->
        <test-method is-config="true" signature="tearDown()[pri:0, instance:inputFormSubmit.InputFormSubmitClass@367ffa75]" started-at="2025-12-12T13:37:06 IST" name="tearDown" finished-at="2025-12-12T13:37:07 IST" duration-ms="1369" status="PASS">
          <reporter-output>
          </reporter-output>
        </test-method> <!-- tearDown -->
      </class> <!-- inputFormSubmit.InputFormSubmitClass -->
    </test> <!-- Windows10_Chrome -->
    <test started-at="2025-12-12T13:35:41 IST" name="Linux_Chrome" finished-at="2025-12-12T13:37:44 IST" duration-ms="122714">
      <class name="dragAndDropSliders.DragAndDropSlidersClass">
        <test-method is-config="true" signature="setup(java.lang.String,java.lang.String,java.lang.String,java.lang.reflect.Method,org.testng.ITestContext)[pri:0, instance:dragAndDropSliders.DragAndDropSlidersClass@1190200a]" started-at="2025-12-12T13:37:08 IST" name="setup" finished-at="2025-12-12T13:37:35 IST" duration-ms="26503" status="PASS">
          <params>
            <param index="0">
              <value>
                <![CDATA[Linux]]>
              </value>
            </param>
            <param index="1">
              <value>
                <![CDATA[Chrome]]>
              </value>
            </param>
            <param index="2">
              <value>
                <![CDATA[latest]]>
              </value>
            </param>
            <param index="3">
              <value>
                <![CDATA[public void dragAndDropSliders.DragAndDropSlidersClass.TestScenario2() throws java.lang.InterruptedException]]>
              </value>
            </param>
            <param index="4">
              <value>
                <![CDATA[org.testng.TestRunner@346d61be]]>
              </value>
            </param>
          </params>
          <reporter-output>
          </reporter-output>
        </test-method> <!-- setup -->
        <test-method signature="TestScenario2()[pri:0, instance:dragAndDropSliders.DragAndDropSlidersClass@1190200a]" started-at="2025-12-12T13:37:35 IST" name="TestScenario2" finished-at="2025-12-12T13:37:43 IST" duration-ms="8069" status="PASS">
          <reporter-output>
          </reporter-output>
        </test-method> <!-- TestScenario2 -->
        <test-method is-config="true" signature="tearDown()[pri:0, instance:dragAndDropSliders.DragAndDropSlidersClass@1190200a]" started-at="2025-12-12T13:37:43 IST" name="tearDown" finished-at="2025-12-12T13:37:44 IST" duration-ms="1586" status="PASS">
          <reporter-output>
          </reporter-output>
        </test-method> <!-- tearDown -->
      </class> <!-- dragAndDropSliders.DragAndDropSlidersClass -->
      <class name="simpleFormDemo.SimpleFormDemoClass">
        <test-method is-config="true" signature="setup(java.lang.String,java.lang.String,java.lang.String,java.lang.reflect.Method,org.testng.ITestContext)[pri:0, instance:simpleFormDemo.SimpleFormDemoClass@75db5df9]" started-at="2025-12-12T13:35:42 IST" name="setup" finished-at="2025-12-12T13:36:07 IST" duration-ms="25815" status="PASS">
          <params>
            <param index="0">
              <value>
                <![CDATA[Linux]]>
              </value>
            </param>
            <param index="1">
              <value>
                <![CDATA[Chrome]]>
              </value>
            </param>
            <param index="2">
              <value>
                <![CDATA[latest]]>
              </value>
            </param>
            <param index="3">
              <value>
                <![CDATA[public void simpleFormDemo.SimpleFormDemoClass.TestScenario1() throws java.lang.InterruptedException]]>
              </value>
            </param>
            <param index="4">
              <value>
                <![CDATA[org.testng.TestRunner@346d61be]]>
              </value>
            </param>
          </params>
          <reporter-output>
          </reporter-output>
        </test-method> <!-- setup -->
        <test-method signature="TestScenario1()[pri:0, instance:simpleFormDemo.SimpleFormDemoClass@75db5df9]" started-at="2025-12-12T13:36:07 IST" name="TestScenario1" finished-at="2025-12-12T13:36:17 IST" duration-ms="9633" status="PASS">
          <reporter-output>
          </reporter-output>
        </test-method> <!-- TestScenario1 -->
        <test-method is-config="true" signature="tearDown()[pri:0, instance:simpleFormDemo.SimpleFormDemoClass@75db5df9]" started-at="2025-12-12T13:36:17 IST" name="tearDown" finished-at="2025-12-12T13:36:19 IST" duration-ms="1553" status="PASS">
          <reporter-output>
          </reporter-output>
        </test-method> <!-- tearDown -->
      </class> <!-- simpleFormDemo.SimpleFormDemoClass -->
      <class name="inputFormSubmit.InputFormSubmitClass">
        <test-method is-config="true" signature="setup(java.lang.String,java.lang.String,java.lang.String,java.lang.reflect.Method,org.testng.ITestContext)[pri:0, instance:inputFormSubmit.InputFormSubmitClass@707194ba]" started-at="2025-12-12T13:36:19 IST" name="setup" finished-at="2025-12-12T13:36:48 IST" duration-ms="29581" status="PASS">
          <params>
            <param index="0">
              <value>
                <![CDATA[Linux]]>
              </value>
            </param>
            <param index="1">
              <value>
                <![CDATA[Chrome]]>
              </value>
            </param>
            <param index="2">
              <value>
                <![CDATA[latest]]>
              </value>
            </param>
            <param index="3">
              <value>
                <![CDATA[public void inputFormSubmit.InputFormSubmitClass.TestScenario3() throws java.lang.InterruptedException]]>
              </value>
            </param>
            <param index="4">
              <value>
                <![CDATA[org.testng.TestRunner@346d61be]]>
              </value>
            </param>
          </params>
          <reporter-output>
          </reporter-output>
        </test-method> <!-- setup -->
        <test-method signature="TestScenario3()[pri:0, instance:inputFormSubmit.InputFormSubmitClass@707194ba]" started-at="2025-12-12T13:36:48 IST" name="TestScenario3" finished-at="2025-12-12T13:37:06 IST" duration-ms="18368" status="PASS">
          <reporter-output>
          </reporter-output>
        </test-method> <!-- TestScenario3 -->
        <test-method is-config="true" signature="tearDown()[pri:0, instance:inputFormSubmit.InputFormSubmitClass@707194ba]" started-at="2025-12-12T13:37:06 IST" name="tearDown" finished-at="2025-12-12T13:37:08 IST" duration-ms="1544" status="PASS">
          <reporter-output>
          </reporter-output>
        </test-method> <!-- tearDown -->
      </class> <!-- inputFormSubmit.InputFormSubmitClass -->
    </test> <!-- Linux_Chrome -->
  </suite> <!-- ParallelSuite -->
</testng-results>
