<?xml version="1.0" encoding="UTF-8"?>
<!-- Generated by org.testng.reporters.JUnitReportReporter -->
<testsuite hostname="DESKTOP-NJNG8V0" failures="0" tests="4" name="inputFormSubmit.InputFormSubmitClass" time="193.835" errors="0" timestamp="2025-12-12T13:37:44 IST" skipped="0">
  <testcase classname="inputFormSubmit.InputFormSubmitClass" name="TestScenario3" time="47.685"/>
  <testcase classname="inputFormSubmit.InputFormSubmitClass" name="TestScenario3" time="49.493"/>
  <testcase classname="inputFormSubmit.InputFormSubmitClass" name="TestScenario3" time="51.802"/>
  <testcase classname="inputFormSubmit.InputFormSubmitClass" name="TestScenario3" time="44.855"/>
</testsuite> <!-- inputFormSubmit.InputFormSubmitClass -->
