<?xml version="1.0" encoding="UTF-8"?>
<!-- Generated by org.testng.reporters.JUnitReportReporter -->
<testsuite hostname="DESKTOP-NJNG8V0" failures="0" tests="4" name="simpleFormDemo.SimpleFormDemoClass" time="103.769" errors="0" timestamp="2025-12-12T13:37:44 IST" skipped="0">
  <testcase classname="simpleFormDemo.SimpleFormDemoClass" name="TestScenario1" time="34.138"/>
  <testcase classname="simpleFormDemo.SimpleFormDemoClass" name="TestScenario1" time="37.001"/>
  <testcase classname="simpleFormDemo.SimpleFormDemoClass" name="TestScenario1" time="16.242"/>
  <testcase classname="simpleFormDemo.SimpleFormDemoClass" name="TestScenario1" time="16.388"/>
</testsuite> <!-- simpleFormDemo.SimpleFormDemoClass -->
