<?xml version="1.0" encoding="UTF-8"?>
<!-- Generated by org.testng.reporters.JUnitReportReporter -->
<testsuite hostname="DESKTOP-NJNG8V0" failures="0" tests="4" name="dragAndDropSliders.DragAndDropSlidersClass" time="156.422" errors="0" timestamp="2025-12-12T13:37:44 IST" skipped="0">
  <testcase classname="dragAndDropSliders.DragAndDropSlidersClass" name="TestScenario2" time="35.942"/>
  <testcase classname="dragAndDropSliders.DragAndDropSlidersClass" name="TestScenario2" time="44.692"/>
  <testcase classname="dragAndDropSliders.DragAndDropSlidersClass" name="TestScenario2" time="36.158"/>
  <testcase classname="dragAndDropSliders.DragAndDropSlidersClass" name="TestScenario2" time="39.630"/>
</testsuite> <!-- dragAndDropSliders.DragAndDropSlidersClass -->
